This file contains any messages produced by compilers while
running configure, to aid debugging if configure makes a mistake.

It was created by epdfinfo configure 0.90, which was
generated by GNU Autoconf 2.69.  Invocation command line was

  $ ./configure -q --bindir=/Users/Em/.emacs.d/elpa/pdf-tools-20180109.1234/

## --------- ##
## Platform. ##
## --------- ##

hostname = Dont.attlocal.net
uname -m = x86_64
uname -r = 15.6.0
uname -s = Darwin
uname -v = Darwin Kernel Version 15.6.0: Tue Jan  9 20:12:05 PST 2018; root:xnu-3248.73.5~1/RELEASE_X86_64

/usr/bin/uname -p = i386
/bin/uname -X     = unknown

/bin/arch              = unknown
/usr/bin/arch -k       = unknown
/usr/convex/getsysinfo = unknown
/usr/bin/hostinfo      = Mach kernel version:
	 Darwin Kernel Version 15.6.0: Tue Jan  9 20:12:05 PST 2018; root:xnu-3248.73.5~1/RELEASE_X86_64
Kernel configured for up to 2 processors.
2 processors are physically available.
2 processors are logically available.
Processor type: i486 (Intel 80486)
Processors active: 0 1
Primary memory available: 4.00 gigabytes
Default processor set: 245 tasks, 1030 threads, 2 processors
Load average: 1.51, Mach factor: 0.64
/bin/machine           = unknown
/usr/bin/oslevel       = unknown
/bin/universe          = unknown

PATH: /usr/local/bin
PATH: /usr/local/sbin
PATH: /Users/Em/.gem/ruby/2.0.0/bin
PATH: /Users/Em/.cargo/bin
PATH: /usr/local/opt/icu4c/sbin
PATH: /usr/local/opt/libxslt/bin
PATH: /usr/local/mysql/bin
PATH: /usr/local/opt/gnu-sed/libexec/gnubin
PATH: /usr/local/opt/coreutils/libexec/gnubin
PATH: /usr/local/share/npm/bin
PATH: /usr/local/bin
PATH: /usr/bin
PATH: /bin
PATH: /usr/sbin
PATH: /sbin
PATH: /opt/X11/bin
PATH: /usr/local/MacGPG2/bin
PATH: /Library/TeX/texbin
PATH: /usr/local/opt/go/libexec/bin
PATH: /Users/Em/.go/bin


## ----------- ##
## Core tests. ##
## ----------- ##

configure:2527: checking for a BSD-compatible install
configure:2595: result: /usr/local/bin/ginstall -c
configure:2606: checking whether build environment is sane
configure:2661: result: yes
configure:2812: checking for a thread-safe mkdir -p
configure:2851: result: /usr/local/bin/gmkdir -p
configure:2858: checking for gawk
configure:2874: found /usr/local/bin/gawk
configure:2885: result: gawk
configure:2896: checking whether make sets $(MAKE)
configure:2918: result: yes
configure:2947: checking whether make supports nested variables
configure:2964: result: yes
configure:3143: checking for gcc
configure:3159: found /usr/bin/gcc
configure:3170: result: gcc
configure:3399: checking for C compiler version
configure:3408: gcc --version >&5
Apple LLVM version 8.0.0 (clang-800.0.42.1)
Target: x86_64-apple-darwin15.6.0
Thread model: posix
InstalledDir: /Applications/Xcode.app/Contents/Developer/Toolchains/XcodeDefault.xctoolchain/usr/bin
Configured with: --prefix=/Applications/Xcode.app/Contents/Developer/usr --with-gxx-include-dir=/usr/include/c++/4.2.1
configure:3419: $? = 0
configure:3408: gcc -v >&5
Configured with: --prefix=/Applications/Xcode.app/Contents/Developer/usr --with-gxx-include-dir=/usr/include/c++/4.2.1
Apple LLVM version 8.0.0 (clang-800.0.42.1)
Target: x86_64-apple-darwin15.6.0
Thread model: posix
InstalledDir: /Applications/Xcode.app/Contents/Developer/Toolchains/XcodeDefault.xctoolchain/usr/bin
configure:3419: $? = 0
configure:3408: gcc -V >&5
clang: error: argument to '-V' is missing (expected 1 value)
clang: error: no input files
configure:3419: $? = 1
configure:3408: gcc -qversion >&5
clang: error: unknown argument: '-qversion'
clang: error: no input files
configure:3419: $? = 1
configure:3439: checking whether the C compiler works
configure:3461: gcc    conftest.c  >&5
configure:3465: $? = 0
configure:3513: result: yes
configure:3516: checking for C compiler default output file name
configure:3518: result: a.out
configure:3524: checking for suffix of executables
configure:3531: gcc -o conftest    conftest.c  >&5
configure:3535: $? = 0
configure:3557: result: 
configure:3579: checking whether we are cross compiling
configure:3587: gcc -o conftest    conftest.c  >&5
configure:3591: $? = 0
configure:3598: ./conftest
configure:3602: $? = 0
configure:3617: result: no
configure:3622: checking for suffix of object files
configure:3644: gcc -c   conftest.c >&5
configure:3648: $? = 0
configure:3669: result: o
configure:3673: checking whether we are using the GNU C compiler
configure:3692: gcc -c   conftest.c >&5
configure:3692: $? = 0
configure:3701: result: yes
configure:3710: checking whether gcc accepts -g
configure:3730: gcc -c -g  conftest.c >&5
configure:3730: $? = 0
configure:3771: result: yes
configure:3788: checking for gcc option to accept ISO C89
configure:3851: gcc  -c -g -O2  conftest.c >&5
configure:3851: $? = 0
configure:3864: result: none needed
configure:3889: checking whether gcc understands -c and -o together
configure:3911: gcc -c conftest.c -o conftest2.o
configure:3914: $? = 0
configure:3911: gcc -c conftest.c -o conftest2.o
configure:3914: $? = 0
configure:3926: result: yes
configure:3946: checking whether make supports the include directive
configure:3961: make -f confmf.GNU && cat confinc.out
this is the am__doit target
configure:3964: $? = 0
configure:3983: result: yes (GNU style)
configure:4008: checking dependency style of gcc
configure:4119: result: gcc3
configure:4193: checking for g++
configure:4209: found /usr/bin/g++
configure:4220: result: g++
configure:4247: checking for C++ compiler version
configure:4256: g++ --version >&5
Apple LLVM version 8.0.0 (clang-800.0.42.1)
Target: x86_64-apple-darwin15.6.0
Thread model: posix
InstalledDir: /Applications/Xcode.app/Contents/Developer/Toolchains/XcodeDefault.xctoolchain/usr/bin
Configured with: --prefix=/Applications/Xcode.app/Contents/Developer/usr --with-gxx-include-dir=/usr/include/c++/4.2.1
configure:4267: $? = 0
configure:4256: g++ -v >&5
Configured with: --prefix=/Applications/Xcode.app/Contents/Developer/usr --with-gxx-include-dir=/usr/include/c++/4.2.1
Apple LLVM version 8.0.0 (clang-800.0.42.1)
Target: x86_64-apple-darwin15.6.0
Thread model: posix
InstalledDir: /Applications/Xcode.app/Contents/Developer/Toolchains/XcodeDefault.xctoolchain/usr/bin
configure:4267: $? = 0
configure:4256: g++ -V >&5
clang: error: argument to '-V' is missing (expected 1 value)
clang: error: no input files
configure:4267: $? = 1
configure:4256: g++ -qversion >&5
clang: error: unknown argument: '-qversion'
clang: error: no input files
configure:4267: $? = 1
configure:4271: checking whether we are using the GNU C++ compiler
configure:4290: g++ -c   conftest.cpp >&5
configure:4290: $? = 0
configure:4299: result: yes
configure:4308: checking whether g++ accepts -g
configure:4328: g++ -c -g  conftest.cpp >&5
configure:4328: $? = 0
configure:4369: result: yes
configure:4394: checking dependency style of g++
configure:4505: result: gcc3
configure:4563: checking for ranlib
configure:4579: found /usr/bin/ranlib
configure:4590: result: ranlib
configure:4662: checking for ar
configure:4678: found /usr/bin/ar
configure:4689: result: ar
configure:4715: checking the archiver (ar) interface
configure:4731: gcc -c -g -O2  conftest.c >&5
configure:4731: $? = 0
configure:4733: ar cru libconftest.a conftest.o >&5
configure:4736: $? = 0
configure:4764: result: ar
configure:4844: checking for pkg-config
configure:4862: found /usr/local/bin/pkg-config
configure:4874: result: /usr/local/bin/pkg-config
configure:4899: checking pkg-config is at least version 0.9.0
configure:4902: result: yes
configure:4912: checking for libpng
configure:4919: $PKG_CONFIG --exists --print-errors "libpng"
configure:4922: $? = 0
configure:4936: $PKG_CONFIG --exists --print-errors "libpng"
configure:4939: $? = 0
configure:4997: result: yes
configure:5003: checking for glib-2.0
configure:5010: $PKG_CONFIG --exists --print-errors "glib-2.0"
configure:5013: $? = 0
configure:5027: $PKG_CONFIG --exists --print-errors "glib-2.0"
configure:5030: $? = 0
configure:5088: result: yes
configure:5094: checking for poppler
configure:5101: $PKG_CONFIG --exists --print-errors "poppler"
configure:5104: $? = 0
configure:5118: $PKG_CONFIG --exists --print-errors "poppler"
configure:5121: $? = 0
configure:5179: result: yes
configure:5185: checking for poppler-glib >= 0.16.0
configure:5192: $PKG_CONFIG --exists --print-errors "poppler-glib >= 0.16.0"
Package xcb-shm was not found in the pkg-config search path.
Perhaps you should add the directory containing `xcb-shm.pc'
to the PKG_CONFIG_PATH environment variable
Package 'xcb-shm', required by 'cairo', not found
configure:5195: $? = 1
configure:5209: $PKG_CONFIG --exists --print-errors "poppler-glib >= 0.16.0"
Package xcb-shm was not found in the pkg-config search path.
Perhaps you should add the directory containing `xcb-shm.pc'
to the PKG_CONFIG_PATH environment variable
Package 'xcb-shm', required by 'cairo', not found
configure:5212: $? = 1
configure:5226: result: no
Package 'xcb-shm', required by 'cairo', not found
configure:5242: error: Package requirements (poppler-glib >= 0.16.0) were not met:

Package 'xcb-shm', required by 'cairo', not found

Consider adjusting the PKG_CONFIG_PATH environment variable if you
installed software in a non-standard prefix.

Alternatively, you may set the environment variables poppler_glib_CFLAGS
and poppler_glib_LIBS to avoid the need to call pkg-config.
See the pkg-config man page for more details.

## ---------------- ##
## Cache variables. ##
## ---------------- ##

ac_cv_c_compiler_gnu=yes
ac_cv_cxx_compiler_gnu=yes
ac_cv_env_CCC_set=
ac_cv_env_CCC_value=
ac_cv_env_CC_set=
ac_cv_env_CC_value=
ac_cv_env_CFLAGS_set=
ac_cv_env_CFLAGS_value=
ac_cv_env_CPPFLAGS_set=
ac_cv_env_CPPFLAGS_value=
ac_cv_env_CPP_set=
ac_cv_env_CPP_value=
ac_cv_env_CXXCPP_set=
ac_cv_env_CXXCPP_value=
ac_cv_env_CXXFLAGS_set=
ac_cv_env_CXXFLAGS_value=
ac_cv_env_CXX_set=
ac_cv_env_CXX_value=
ac_cv_env_LDFLAGS_set=
ac_cv_env_LDFLAGS_value=
ac_cv_env_LIBS_set=
ac_cv_env_LIBS_value=
ac_cv_env_PKG_CONFIG_LIBDIR_set=
ac_cv_env_PKG_CONFIG_LIBDIR_value=
ac_cv_env_PKG_CONFIG_PATH_set=
ac_cv_env_PKG_CONFIG_PATH_value=
ac_cv_env_PKG_CONFIG_set=
ac_cv_env_PKG_CONFIG_value=
ac_cv_env_build_alias_set=
ac_cv_env_build_alias_value=
ac_cv_env_glib_CFLAGS_set=
ac_cv_env_glib_CFLAGS_value=
ac_cv_env_glib_LIBS_set=
ac_cv_env_glib_LIBS_value=
ac_cv_env_host_alias_set=
ac_cv_env_host_alias_value=
ac_cv_env_png_CFLAGS_set=
ac_cv_env_png_CFLAGS_value=
ac_cv_env_png_LIBS_set=
ac_cv_env_png_LIBS_value=
ac_cv_env_poppler_CFLAGS_set=
ac_cv_env_poppler_CFLAGS_value=
ac_cv_env_poppler_LIBS_set=
ac_cv_env_poppler_LIBS_value=
ac_cv_env_poppler_glib_CFLAGS_set=
ac_cv_env_poppler_glib_CFLAGS_value=
ac_cv_env_poppler_glib_LIBS_set=
ac_cv_env_poppler_glib_LIBS_value=
ac_cv_env_target_alias_set=
ac_cv_env_target_alias_value=
ac_cv_env_zlib_CFLAGS_set=
ac_cv_env_zlib_CFLAGS_value=
ac_cv_env_zlib_LIBS_set=
ac_cv_env_zlib_LIBS_value=
ac_cv_objext=o
ac_cv_path_ac_pt_PKG_CONFIG=/usr/local/bin/pkg-config
ac_cv_path_install='/usr/local/bin/ginstall -c'
ac_cv_path_mkdir=/usr/local/bin/gmkdir
ac_cv_prog_AWK=gawk
ac_cv_prog_ac_ct_AR=ar
ac_cv_prog_ac_ct_CC=gcc
ac_cv_prog_ac_ct_CXX=g++
ac_cv_prog_ac_ct_RANLIB=ranlib
ac_cv_prog_cc_c89=
ac_cv_prog_cc_g=yes
ac_cv_prog_cxx_g=yes
ac_cv_prog_make_make_set=yes
am_cv_CC_dependencies_compiler_type=gcc3
am_cv_CXX_dependencies_compiler_type=gcc3
am_cv_ar_interface=ar
am_cv_make_support_nested_variables=yes
am_cv_prog_cc_c_o=yes
pkg_cv_glib_CFLAGS='-I/usr/local/Cellar/glib/2.56.0/include/glib-2.0 -I/usr/local/Cellar/glib/2.56.0/lib/glib-2.0/include -I/usr/local/opt/gettext/include -I/usr/local/Cellar/pcre/8.42/include'
pkg_cv_glib_LIBS='-L/usr/local/Cellar/glib/2.56.0/lib -L/usr/local/opt/gettext/lib -lglib-2.0 -lintl -Wl,-framework -Wl,CoreFoundation'
pkg_cv_png_CFLAGS=-I/usr/local/Cellar/libpng/1.6.34/include/libpng16
pkg_cv_png_LIBS='-L/usr/local/Cellar/libpng/1.6.34/lib -lpng16 -lz'
pkg_cv_poppler_CFLAGS=-I/usr/local/Cellar/poppler/0.63.0_1/include/poppler
pkg_cv_poppler_LIBS='-L/usr/local/Cellar/poppler/0.63.0_1/lib -lpoppler'

## ----------------- ##
## Output variables. ##
## ----------------- ##

ACLOCAL='${SHELL} /Users/Em/.emacs.d/elpa/pdf-tools-20180109.1234/build/server/missing aclocal-1.16'
AMDEPBACKSLASH='\'
AMDEP_FALSE='#'
AMDEP_TRUE=''
AMTAR='$${TAR-tar}'
AM_BACKSLASH='\'
AM_DEFAULT_V='$(AM_DEFAULT_VERBOSITY)'
AM_DEFAULT_VERBOSITY='1'
AM_V='$(V)'
AR='ar'
AUTOCONF='${SHELL} /Users/Em/.emacs.d/elpa/pdf-tools-20180109.1234/build/server/missing autoconf'
AUTOHEADER='${SHELL} /Users/Em/.emacs.d/elpa/pdf-tools-20180109.1234/build/server/missing autoheader'
AUTOMAKE='${SHELL} /Users/Em/.emacs.d/elpa/pdf-tools-20180109.1234/build/server/missing automake-1.16'
AWK='gawk'
CC='gcc'
CCDEPMODE='depmode=gcc3'
CFLAGS='-g -O2'
CPP=''
CPPFLAGS=''
CXX='g++'
CXXCPP=''
CXXDEPMODE='depmode=gcc3'
CXXFLAGS='-g -O2'
CYGPATH_W='echo'
DEFS=''
DEPDIR='.deps'
ECHO_C='\c'
ECHO_N=''
ECHO_T=''
EGREP=''
EXEEXT=''
GREP=''
HAVE_W32_FALSE=''
HAVE_W32_TRUE=''
INSTALL_DATA='${INSTALL} -m 644'
INSTALL_PROGRAM='${INSTALL}'
INSTALL_SCRIPT='${INSTALL}'
INSTALL_STRIP_PROGRAM='$(install_sh) -c -s'
LDFLAGS=''
LIBOBJS=''
LIBS=''
LTLIBOBJS=''
MAKEINFO='${SHELL} /Users/Em/.emacs.d/elpa/pdf-tools-20180109.1234/build/server/missing makeinfo'
MKDIR_P='/usr/local/bin/gmkdir -p'
OBJEXT='o'
PACKAGE='epdfinfo'
PACKAGE_BUGREPORT='politza@fh-trier.de'
PACKAGE_NAME='epdfinfo'
PACKAGE_STRING='epdfinfo 0.90'
PACKAGE_TARNAME='epdfinfo'
PACKAGE_URL=''
PACKAGE_VERSION='0.90'
PATH_SEPARATOR=':'
PKG_CONFIG='/usr/local/bin/pkg-config'
PKG_CONFIG_LIBDIR=''
PKG_CONFIG_PATH=''
POW_LIB=''
RANLIB='ranlib'
SET_MAKE=''
SHELL='/bin/sh'
STRIP=''
VERSION='0.90'
ac_ct_AR='ar'
ac_ct_CC='gcc'
ac_ct_CXX='g++'
am__EXEEXT_FALSE=''
am__EXEEXT_TRUE=''
am__fastdepCC_FALSE='#'
am__fastdepCC_TRUE=''
am__fastdepCXX_FALSE='#'
am__fastdepCXX_TRUE=''
am__include='include'
am__isrc=''
am__leading_dot='.'
am__nodep='_no'
am__quote=''
am__tar='$${TAR-tar} chof - "$$tardir"'
am__untar='$${TAR-tar} xf -'
bindir='/Users/Em/.emacs.d/elpa/pdf-tools-20180109.1234'
build=''
build_alias=''
build_cpu=''
build_os=''
build_vendor=''
datadir='${datarootdir}'
datarootdir='${prefix}/share'
docdir='${datarootdir}/doc/${PACKAGE_TARNAME}'
dvidir='${docdir}'
exec_prefix='NONE'
glib_CFLAGS='-I/usr/local/Cellar/glib/2.56.0/include/glib-2.0 -I/usr/local/Cellar/glib/2.56.0/lib/glib-2.0/include -I/usr/local/opt/gettext/include -I/usr/local/Cellar/pcre/8.42/include'
glib_LIBS='-L/usr/local/Cellar/glib/2.56.0/lib -L/usr/local/opt/gettext/lib -lglib-2.0 -lintl -Wl,-framework -Wl,CoreFoundation'
host=''
host_alias=''
host_cpu=''
host_os=''
host_vendor=''
htmldir='${docdir}'
includedir='${prefix}/include'
infodir='${datarootdir}/info'
install_sh='${SHELL} /Users/Em/.emacs.d/elpa/pdf-tools-20180109.1234/build/server/install-sh'
libdir='${exec_prefix}/lib'
libexecdir='${exec_prefix}/libexec'
localedir='${datarootdir}/locale'
localstatedir='${prefix}/var'
mandir='${datarootdir}/man'
mkdir_p='$(MKDIR_P)'
oldincludedir='/usr/include'
pdfdir='${docdir}'
png_CFLAGS='-I/usr/local/Cellar/libpng/1.6.34/include/libpng16'
png_LIBS='-L/usr/local/Cellar/libpng/1.6.34/lib -lpng16 -lz'
poppler_CFLAGS='-I/usr/local/Cellar/poppler/0.63.0_1/include/poppler'
poppler_LIBS='-L/usr/local/Cellar/poppler/0.63.0_1/lib -lpoppler'
poppler_glib_CFLAGS=''
poppler_glib_LIBS=''
prefix='NONE'
program_transform_name='s,x,x,'
psdir='${docdir}'
sbindir='${exec_prefix}/sbin'
sharedstatedir='${prefix}/com'
sysconfdir='${prefix}/etc'
target_alias=''
zlib_CFLAGS=''
zlib_LIBS=''

## ----------- ##
## confdefs.h. ##
## ----------- ##

/* confdefs.h */
#define PACKAGE_NAME "epdfinfo"
#define PACKAGE_TARNAME "epdfinfo"
#define PACKAGE_VERSION "0.90"
#define PACKAGE_STRING "epdfinfo 0.90"
#define PACKAGE_BUGREPORT "politza@fh-trier.de"
#define PACKAGE_URL ""
#define PACKAGE "epdfinfo"
#define VERSION "0.90"

configure: exit 1
